# JRE version: Java(TM) SE Runtime Environment (16.0.2+7) (build 16.0.2+7-67)
# Java VM: Java HotSpot(TM) 64-Bit Server VM (16.0.2+7-67, mixed mode, sharing, tiered, compressed oops, compressed class ptrs, g1 gc, windows-amd64)
GC Precious Log:
 CPUs: 12 total, 12 available
 Memory: 16105M
 Large Page Support: Disabled
 NUMA Support: Disabled
 Compressed Oops: Enabled (Zero based)
 Heap Region Size: 2M
 Heap Min Capacity: 8M
 Heap Initial Capacity: 252M
 Heap Max Capacity: 4028M
 Pre-touch: Disabled
 Parallel Workers: 10
 Concurrent Workers: 3
 Concurrent Refinement Workers: 10
 Periodic GC: Disabled
Heap:
 garbage-first heap   total 147456K, used 113041K [0x0000000704400000, 0x0000000800000000)
  region size 2048K, 33 young (67584K), 1 survivors (2048K)
 Metaspace       used 70148K, committed 71296K, reserved 1114112K
  class space    used 7484K, committed 8128K, reserved 1048576K
GC Heap History (20 events):
Event: 1164.194 GC heap before
{Heap before GC invocations=293 (full 0):
 garbage-first heap   total 147456K, used 123338K [0x0000000704400000, 0x0000000800000000)
  region size 2048K, 37 young (75776K), 1 survivors (2048K)
 Metaspace       used 69952K, committed 71168K, reserved 1114112K
  class space    used 7471K, committed 8128K, reserved 1048576K
}
Event: 1164.198 GC heap after
{Heap after GC invocations=294 (full 0):
 garbage-first heap   total 147456K, used 51736K [0x0000000704400000, 0x0000000800000000)
  region size 2048K, 1 young (2048K), 1 survivors (2048K)
 Metaspace       used 69952K, committed 71168K, reserved 1114112K
  class space    used 7471K, committed 8128K, reserved 1048576K
}
Event: 1164.303 GC heap before
{Heap before GC invocations=294 (full 0):
 garbage-first heap   total 147456K, used 123416K [0x0000000704400000, 0x0000000800000000)
  region size 2048K, 37 young (75776K), 1 survivors (2048K)
 Metaspace       used 69952K, committed 71168K, reserved 1114112K
  class space    used 7471K, committed 8128K, reserved 1048576K
}
Event: 1164.304 GC heap after
{Heap after GC invocations=295 (full 0):
 garbage-first heap   total 147456K, used 51625K [0x0000000704400000, 0x0000000800000000)
  region size 2048K, 1 young (2048K), 1 survivors (2048K)
 Metaspace       used 69952K, committed 71168K, reserved 1114112K
  class space    used 7471K, committed 8128K, reserved 1048576K
}
Event: 1164.650 GC heap before
{Heap before GC invocations=295 (full 0):
 garbage-first heap   total 147456K, used 123305K [0x0000000704400000, 0x0000000800000000)
  region size 2048K, 37 young (75776K), 1 survivors (2048K)
 Metaspace       used 69952K, committed 71168K, reserved 1114112K
  class space    used 7471K, committed 8128K, reserved 1048576K
}
Event: 1164.651 GC heap after
{Heap after GC invocations=296 (full 0):
 garbage-first heap   total 147456K, used 51594K [0x0000000704400000, 0x0000000800000000)
  region size 2048K, 1 young (2048K), 1 survivors (2048K)
 Metaspace       used 69952K, committed 71168K, reserved 1114112K
  class space    used 7471K, committed 8128K, reserved 1048576K
}
Event: 1171.764 GC heap before
{Heap before GC invocations=296 (full 0):
 garbage-first heap   total 147456K, used 123274K [0x0000000704400000, 0x0000000800000000)
  region size 2048K, 37 young (75776K), 1 survivors (2048K)
 Metaspace       used 69953K, committed 71168K, reserved 1114112K
  class space    used 7471K, committed 8128K, reserved 1048576K
}
Event: 1171.766 GC heap after
{Heap after GC invocations=297 (full 0):
 garbage-first heap   total 147456K, used 51594K [0x0000000704400000, 0x0000000800000000)
  region size 2048K, 1 young (2048K), 1 survivors (2048K)
 Metaspace       used 69953K, committed 71168K, reserved 1114112K
  class space    used 7471K, committed 8128K, reserved 1048576K
}
Event: 1184.351 GC heap before
{Heap before GC invocations=297 (full 0):
 garbage-first heap   total 147456K, used 123274K [0x0000000704400000, 0x0000000800000000)
  region size 2048K, 37 young (75776K), 1 survivors (2048K)
 Metaspace       used 69955K, committed 71168K, reserved 1114112K
  class space    used 7471K, committed 8128K, reserved 1048576K
}
Event: 1184.352 GC heap after
{Heap after GC invocations=298 (full 0):
 garbage-first heap   total 147456K, used 51623K [0x0000000704400000, 0x0000000800000000)
  region size 2048K, 1 young (2048K), 1 survivors (2048K)
 Metaspace       used 69955K, committed 71168K, reserved 1114112K
  class space    used 7471K, committed 8128K, reserved 1048576K
}
Event: 1184.433 GC heap before
{Heap before GC invocations=298 (full 0):
 garbage-first heap   total 147456K, used 123303K [0x0000000704400000, 0x0000000800000000)
  region size 2048K, 37 young (75776K), 1 survivors (2048K)
 Metaspace       used 69955K, committed 71168K, reserved 1114112K
  class space    used 7471K, committed 8128K, reserved 1048576K
}
Event: 1184.433 GC heap after
{Heap after GC invocations=299 (full 0):
 garbage-first heap   total 147456K, used 51809K [0x0000000704400000, 0x0000000800000000)
  region size 2048K, 1 young (2048K), 1 survivors (2048K)
 Metaspace       used 69955K, committed 71168K, reserved 1114112K
  class space    used 7471K, committed 8128K, reserved 1048576K
}
Event: 1184.509 GC heap before
{Heap before GC invocations=299 (full 0):
 garbage-first heap   total 147456K, used 123489K [0x0000000704400000, 0x0000000800000000)
  region size 2048K, 37 young (75776K), 1 survivors (2048K)
 Metaspace       used 69955K, committed 71168K, reserved 1114112K
  class space    used 7471K, committed 8128K, reserved 1048576K
}
Event: 1184.510 GC heap after
{Heap after GC invocations=300 (full 0):
 garbage-first heap   total 147456K, used 51696K [0x0000000704400000, 0x0000000800000000)
  region size 2048K, 1 young (2048K), 1 survivors (2048K)
 Metaspace       used 69955K, committed 71168K, reserved 1114112K
  class space    used 7471K, committed 8128K, reserved 1048576K
}
Event: 1184.569 GC heap before
{Heap before GC invocations=300 (full 0):
 garbage-first heap   total 147456K, used 123376K [0x0000000704400000, 0x0000000800000000)
  region size 2048K, 37 young (75776K), 1 survivors (2048K)
 Metaspace       used 69955K, committed 71168K, reserved 1114112K
  class space    used 7471K, committed 8128K, reserved 1048576K
}
Event: 1184.570 GC heap after
{Heap after GC invocations=301 (full 0):
 garbage-first heap   total 147456K, used 51743K [0x0000000704400000, 0x0000000800000000)
  region size 2048K, 1 young (2048K), 1 survivors (2048K)
 Metaspace       used 69955K, committed 71168K, reserved 1114112K
  class space    used 7471K, committed 8128K, reserved 1048576K
}
Event: 1185.094 GC heap before
{Heap before GC invocations=301 (full 0):
 garbage-first heap   total 147456K, used 123423K [0x0000000704400000, 0x0000000800000000)
  region size 2048K, 37 young (75776K), 1 survivors (2048K)
 Metaspace       used 69956K, committed 71168K, reserved 1114112K
  class space    used 7471K, committed 8128K, reserved 1048576K
}
Event: 1185.095 GC heap after
{Heap after GC invocations=302 (full 0):
 garbage-first heap   total 147456K, used 51643K [0x0000000704400000, 0x0000000800000000)
  region size 2048K, 1 young (2048K), 1 survivors (2048K)
 Metaspace       used 69956K, committed 71168K, reserved 1114112K
  class space    used 7471K, committed 8128K, reserved 1048576K
}
Event: 1185.608 GC heap before
{Heap before GC invocations=302 (full 0):
 garbage-first heap   total 147456K, used 123323K [0x0000000704400000, 0x0000000800000000)
  region size 2048K, 37 young (75776K), 1 survivors (2048K)
 Metaspace       used 69956K, committed 71168K, reserved 1114112K
  class space    used 7471K, committed 8128K, reserved 1048576K
}
Event: 1185.609 GC heap after
{Heap after GC invocations=303 (full 0):
 garbage-first heap   total 147456K, used 51601K [0x0000000704400000, 0x0000000800000000)
  region size 2048K, 1 young (2048K), 1 survivors (2048K)
 Metaspace       used 69956K, committed 71168K, reserved 1114112K
  class space    used 7471K, committed 8128K, reserved 1048576K
}

