# JRE version: Java(TM) SE Runtime Environment (16.0.2+7) (build 16.0.2+7-67)
# Java VM: Java HotSpot(TM) 64-Bit Server VM (16.0.2+7-67, mixed mode, sharing, tiered, compressed oops, compressed class ptrs, g1 gc, windows-amd64)
GC Precious Log:
 CPUs: 12 total, 12 available
 Memory: 16105M
 Large Page Support: Disabled
 NUMA Support: Disabled
 Compressed Oops: Enabled (Zero based)
 Heap Region Size: 2M
 Heap Min Capacity: 8M
 Heap Initial Capacity: 252M
 Heap Max Capacity: 4028M
 Pre-touch: Disabled
 Parallel Workers: 10
 Concurrent Workers: 3
 Concurrent Refinement Workers: 10
 Periodic GC: Disabled
Heap:
 garbage-first heap   total 190464K, used 61970K [0x0000000704400000, 0x0000000800000000)
  region size 2048K, 8 young (16384K), 1 survivors (2048K)
 Metaspace       used 74163K, committed 75584K, reserved 1122304K
  class space    used 7878K, committed 8640K, reserved 1048576K
GC Heap History (20 events):
Event: 1652.950 GC heap before
{Heap before GC invocations=272 (full 20):
 garbage-first heap   total 190464K, used 160266K [0x0000000704400000, 0x0000000800000000)
  region size 2048K, 55 young (112640K), 1 survivors (2048K)
 Metaspace       used 74153K, committed 75584K, reserved 1122304K
  class space    used 7877K, committed 8640K, reserved 1048576K
}
Event: 1652.952 GC heap after
{Heap after GC invocations=273 (full 20):
 garbage-first heap   total 190464K, used 49661K [0x0000000704400000, 0x0000000800000000)
  region size 2048K, 1 young (2048K), 1 survivors (2048K)
 Metaspace       used 74153K, committed 75584K, reserved 1122304K
  class space    used 7877K, committed 8640K, reserved 1048576K
}
Event: 1656.925 GC heap before
{Heap before GC invocations=273 (full 20):
 garbage-first heap   total 190464K, used 160253K [0x0000000704400000, 0x0000000800000000)
  region size 2048K, 55 young (112640K), 1 survivors (2048K)
 Metaspace       used 74154K, committed 75584K, reserved 1122304K
  class space    used 7877K, committed 8640K, reserved 1048576K
}
Event: 1656.926 GC heap after
{Heap after GC invocations=274 (full 20):
 garbage-first heap   total 190464K, used 49643K [0x0000000704400000, 0x0000000800000000)
  region size 2048K, 1 young (2048K), 1 survivors (2048K)
 Metaspace       used 74154K, committed 75584K, reserved 1122304K
  class space    used 7877K, committed 8640K, reserved 1048576K
}
Event: 1676.222 GC heap before
{Heap before GC invocations=274 (full 20):
 garbage-first heap   total 190464K, used 158187K [0x0000000704400000, 0x0000000800000000)
  region size 2048K, 55 young (112640K), 1 survivors (2048K)
 Metaspace       used 74154K, committed 75584K, reserved 1122304K
  class space    used 7877K, committed 8640K, reserved 1048576K
}
Event: 1676.223 GC heap after
{Heap after GC invocations=275 (full 20):
 garbage-first heap   total 190464K, used 49588K [0x0000000704400000, 0x0000000800000000)
  region size 2048K, 1 young (2048K), 1 survivors (2048K)
 Metaspace       used 74154K, committed 75584K, reserved 1122304K
  class space    used 7877K, committed 8640K, reserved 1048576K
}
Event: 1678.412 GC heap before
{Heap before GC invocations=275 (full 20):
 garbage-first heap   total 190464K, used 158132K [0x0000000704400000, 0x0000000800000000)
  region size 2048K, 55 young (112640K), 1 survivors (2048K)
 Metaspace       used 74154K, committed 75584K, reserved 1122304K
  class space    used 7877K, committed 8640K, reserved 1048576K
}
Event: 1678.414 GC heap after
{Heap after GC invocations=276 (full 20):
 garbage-first heap   total 190464K, used 49619K [0x0000000704400000, 0x0000000800000000)
  region size 2048K, 1 young (2048K), 1 survivors (2048K)
 Metaspace       used 74154K, committed 75584K, reserved 1122304K
  class space    used 7877K, committed 8640K, reserved 1048576K
}
Event: 1684.231 GC heap before
{Heap before GC invocations=276 (full 20):
 garbage-first heap   total 190464K, used 158163K [0x0000000704400000, 0x0000000800000000)
  region size 2048K, 55 young (112640K), 1 survivors (2048K)
 Metaspace       used 74154K, committed 75584K, reserved 1122304K
  class space    used 7877K, committed 8640K, reserved 1048576K
}
Event: 1684.232 GC heap after
{Heap after GC invocations=277 (full 20):
 garbage-first heap   total 190464K, used 49605K [0x0000000704400000, 0x0000000800000000)
  region size 2048K, 1 young (2048K), 1 survivors (2048K)
 Metaspace       used 74154K, committed 75584K, reserved 1122304K
  class space    used 7877K, committed 8640K, reserved 1048576K
}
Event: 1688.691 GC heap before
{Heap before GC invocations=277 (full 20):
 garbage-first heap   total 190464K, used 158149K [0x0000000704400000, 0x0000000800000000)
  region size 2048K, 55 young (112640K), 1 survivors (2048K)
 Metaspace       used 74154K, committed 75584K, reserved 1122304K
  class space    used 7877K, committed 8640K, reserved 1048576K
}
Event: 1688.693 GC heap after
{Heap after GC invocations=278 (full 20):
 garbage-first heap   total 190464K, used 49581K [0x0000000704400000, 0x0000000800000000)
  region size 2048K, 1 young (2048K), 1 survivors (2048K)
 Metaspace       used 74154K, committed 75584K, reserved 1122304K
  class space    used 7877K, committed 8640K, reserved 1048576K
}
Event: 1696.097 GC heap before
{Heap before GC invocations=278 (full 20):
 garbage-first heap   total 190464K, used 160173K [0x0000000704400000, 0x0000000800000000)
  region size 2048K, 55 young (112640K), 1 survivors (2048K)
 Metaspace       used 74156K, committed 75584K, reserved 1122304K
  class space    used 7877K, committed 8640K, reserved 1048576K
}
Event: 1696.099 GC heap after
{Heap after GC invocations=279 (full 20):
 garbage-first heap   total 190464K, used 49575K [0x0000000704400000, 0x0000000800000000)
  region size 2048K, 1 young (2048K), 1 survivors (2048K)
 Metaspace       used 74156K, committed 75584K, reserved 1122304K
  class space    used 7877K, committed 8640K, reserved 1048576K
}
Event: 1704.568 GC heap before
{Heap before GC invocations=279 (full 20):
 garbage-first heap   total 190464K, used 158119K [0x0000000704400000, 0x0000000800000000)
  region size 2048K, 55 young (112640K), 1 survivors (2048K)
 Metaspace       used 74163K, committed 75584K, reserved 1122304K
  class space    used 7878K, committed 8640K, reserved 1048576K
}
Event: 1704.569 GC heap after
{Heap after GC invocations=280 (full 20):
 garbage-first heap   total 190464K, used 49606K [0x0000000704400000, 0x0000000800000000)
  region size 2048K, 1 young (2048K), 1 survivors (2048K)
 Metaspace       used 74163K, committed 75584K, reserved 1122304K
  class space    used 7878K, committed 8640K, reserved 1048576K
}
Event: 1715.397 GC heap before
{Heap before GC invocations=280 (full 20):
 garbage-first heap   total 190464K, used 160198K [0x0000000704400000, 0x0000000800000000)
  region size 2048K, 55 young (112640K), 1 survivors (2048K)
 Metaspace       used 74163K, committed 75584K, reserved 1122304K
  class space    used 7878K, committed 8640K, reserved 1048576K
}
Event: 1715.400 GC heap after
{Heap after GC invocations=281 (full 20):
 garbage-first heap   total 190464K, used 49667K [0x0000000704400000, 0x0000000800000000)
  region size 2048K, 1 young (2048K), 1 survivors (2048K)
 Metaspace       used 74163K, committed 75584K, reserved 1122304K
  class space    used 7878K, committed 8640K, reserved 1048576K
}
Event: 1721.414 GC heap before
{Heap before GC invocations=281 (full 20):
 garbage-first heap   total 190464K, used 158211K [0x0000000704400000, 0x0000000800000000)
  region size 2048K, 55 young (112640K), 1 survivors (2048K)
 Metaspace       used 74163K, committed 75584K, reserved 1122304K
  class space    used 7878K, committed 8640K, reserved 1048576K
}
Event: 1721.415 GC heap after
{Heap after GC invocations=282 (full 20):
 garbage-first heap   total 190464K, used 49682K [0x0000000704400000, 0x0000000800000000)
  region size 2048K, 1 young (2048K), 1 survivors (2048K)
 Metaspace       used 74163K, committed 75584K, reserved 1122304K
  class space    used 7878K, committed 8640K, reserved 1048576K
}

