# JRE version: OpenJDK Runtime Environment (16.0.2+7) (build 16.0.2+7-67)
# Java VM: OpenJDK 64-Bit Server VM (16.0.2+7-67, mixed mode, sharing, tiered, compressed oops, compressed class ptrs, g1 gc, windows-amd64)
GC Precious Log:
 CPUs: 12 total, 12 available
 Memory: 24297M
 Large Page Support: Disabled
 NUMA Support: Disabled
 Compressed Oops: Enabled (Zero based)
 Heap Region Size: 4M
 Heap Min Capacity: 8M
 Heap Initial Capacity: 380M
 Heap Max Capacity: 6076M
 Pre-touch: Disabled
 Parallel Workers: 10
 Concurrent Workers: 3
 Concurrent Refinement Workers: 10
 Periodic GC: Disabled
Heap:
 garbage-first heap   total 335872K, used 207872K [0x0000000684400000, 0x0000000800000000)
  region size 4096K, 36 young (147456K), 1 survivors (4096K)
 Metaspace       used 96305K, committed 98240K, reserved 1138688K
  class space    used 10173K, committed 11200K, reserved 1048576K
GC Heap History (20 events):
Event: 1321.911 GC heap before
{Heap before GC invocations=64 (full 0):
 garbage-first heap   total 335872K, used 263512K [0x0000000684400000, 0x0000000800000000)
  region size 4096K, 49 young (200704K), 1 survivors (4096K)
 Metaspace       used 94240K, committed 95872K, reserved 1138688K
  class space    used 9945K, committed 10816K, reserved 1048576K
}
Event: 1321.914 GC heap after
{Heap after GC invocations=65 (full 0):
 garbage-first heap   total 335872K, used 71061K [0x0000000684400000, 0x0000000800000000)
  region size 4096K, 1 young (4096K), 1 survivors (4096K)
 Metaspace       used 94240K, committed 95872K, reserved 1138688K
  class space    used 9945K, committed 10816K, reserved 1048576K
}
Event: 1326.764 GC heap before
{Heap before GC invocations=65 (full 0):
 garbage-first heap   total 335872K, used 263573K [0x0000000684400000, 0x0000000800000000)
  region size 4096K, 49 young (200704K), 1 survivors (4096K)
 Metaspace       used 94324K, committed 96000K, reserved 1138688K
  class space    used 9959K, committed 10880K, reserved 1048576K
}
Event: 1326.766 GC heap after
{Heap after GC invocations=66 (full 0):
 garbage-first heap   total 335872K, used 71149K [0x0000000684400000, 0x0000000800000000)
  region size 4096K, 1 young (4096K), 1 survivors (4096K)
 Metaspace       used 94324K, committed 96000K, reserved 1138688K
  class space    used 9959K, committed 10880K, reserved 1048576K
}
Event: 1341.525 GC heap before
{Heap before GC invocations=66 (full 0):
 garbage-first heap   total 335872K, used 263661K [0x0000000684400000, 0x0000000800000000)
  region size 4096K, 49 young (200704K), 1 survivors (4096K)
 Metaspace       used 94560K, committed 96320K, reserved 1138688K
  class space    used 10003K, committed 10944K, reserved 1048576K
}
Event: 1341.530 GC heap after
{Heap after GC invocations=67 (full 0):
 garbage-first heap   total 335872K, used 71098K [0x0000000684400000, 0x0000000800000000)
  region size 4096K, 1 young (4096K), 1 survivors (4096K)
 Metaspace       used 94560K, committed 96320K, reserved 1138688K
  class space    used 10003K, committed 10944K, reserved 1048576K
}
Event: 1377.290 GC heap before
{Heap before GC invocations=67 (full 0):
 garbage-first heap   total 335872K, used 267706K [0x0000000684400000, 0x0000000800000000)
  region size 4096K, 49 young (200704K), 1 survivors (4096K)
 Metaspace       used 94737K, committed 96576K, reserved 1138688K
  class space    used 10029K, committed 11008K, reserved 1048576K
}
Event: 1377.293 GC heap after
{Heap after GC invocations=68 (full 0):
 garbage-first heap   total 335872K, used 71261K [0x0000000684400000, 0x0000000800000000)
  region size 4096K, 1 young (4096K), 1 survivors (4096K)
 Metaspace       used 94737K, committed 96576K, reserved 1138688K
  class space    used 10029K, committed 11008K, reserved 1048576K
}
Event: 1447.345 GC heap before
{Heap before GC invocations=68 (full 0):
 garbage-first heap   total 335872K, used 263773K [0x0000000684400000, 0x0000000800000000)
  region size 4096K, 49 young (200704K), 1 survivors (4096K)
 Metaspace       used 94924K, committed 96768K, reserved 1138688K
  class space    used 10037K, committed 11008K, reserved 1048576K
}
Event: 1447.348 GC heap after
{Heap after GC invocations=69 (full 0):
 garbage-first heap   total 335872K, used 71959K [0x0000000684400000, 0x0000000800000000)
  region size 4096K, 1 young (4096K), 1 survivors (4096K)
 Metaspace       used 94924K, committed 96768K, reserved 1138688K
  class space    used 10037K, committed 11008K, reserved 1048576K
}
Event: 1467.873 GC heap before
{Heap before GC invocations=69 (full 0):
 garbage-first heap   total 335872K, used 264471K [0x0000000684400000, 0x0000000800000000)
  region size 4096K, 49 young (200704K), 1 survivors (4096K)
 Metaspace       used 95897K, committed 97728K, reserved 1138688K
  class space    used 10136K, committed 11136K, reserved 1048576K
}
Event: 1467.875 GC heap after
{Heap after GC invocations=70 (full 0):
 garbage-first heap   total 335872K, used 72463K [0x0000000684400000, 0x0000000800000000)
  region size 4096K, 1 young (4096K), 1 survivors (4096K)
 Metaspace       used 95897K, committed 97728K, reserved 1138688K
  class space    used 10136K, committed 11136K, reserved 1048576K
}
Event: 1471.696 GC heap before
{Heap before GC invocations=70 (full 0):
 garbage-first heap   total 335872K, used 264975K [0x0000000684400000, 0x0000000800000000)
  region size 4096K, 49 young (200704K), 1 survivors (4096K)
 Metaspace       used 96042K, committed 97920K, reserved 1138688K
  class space    used 10145K, committed 11136K, reserved 1048576K
}
Event: 1471.699 GC heap after
{Heap after GC invocations=71 (full 0):
 garbage-first heap   total 335872K, used 72647K [0x0000000684400000, 0x0000000800000000)
  region size 4096K, 1 young (4096K), 1 survivors (4096K)
 Metaspace       used 96042K, committed 97920K, reserved 1138688K
  class space    used 10145K, committed 11136K, reserved 1048576K
}
Event: 1516.467 GC heap before
{Heap before GC invocations=71 (full 0):
 garbage-first heap   total 335872K, used 265159K [0x0000000684400000, 0x0000000800000000)
  region size 4096K, 49 young (200704K), 1 survivors (4096K)
 Metaspace       used 96106K, committed 97984K, reserved 1138688K
  class space    used 10146K, committed 11136K, reserved 1048576K
}
Event: 1516.470 GC heap after
{Heap after GC invocations=72 (full 0):
 garbage-first heap   total 335872K, used 72471K [0x0000000684400000, 0x0000000800000000)
  region size 4096K, 1 young (4096K), 1 survivors (4096K)
 Metaspace       used 96106K, committed 97984K, reserved 1138688K
  class space    used 10146K, committed 11136K, reserved 1048576K
}
Event: 1600.306 GC heap before
{Heap before GC invocations=72 (full 0):
 garbage-first heap   total 335872K, used 264983K [0x0000000684400000, 0x0000000800000000)
  region size 4096K, 49 young (200704K), 1 survivors (4096K)
 Metaspace       used 96156K, committed 98048K, reserved 1138688K
  class space    used 10147K, committed 11136K, reserved 1048576K
}
Event: 1600.308 GC heap after
{Heap after GC invocations=73 (full 0):
 garbage-first heap   total 335872K, used 72574K [0x0000000684400000, 0x0000000800000000)
  region size 4096K, 1 young (4096K), 1 survivors (4096K)
 Metaspace       used 96156K, committed 98048K, reserved 1138688K
  class space    used 10147K, committed 11136K, reserved 1048576K
}
Event: 1635.665 GC heap before
{Heap before GC invocations=73 (full 0):
 garbage-first heap   total 335872K, used 265086K [0x0000000684400000, 0x0000000800000000)
  region size 4096K, 49 young (200704K), 1 survivors (4096K)
 Metaspace       used 96242K, committed 98176K, reserved 1138688K
  class space    used 10157K, committed 11200K, reserved 1048576K
}
Event: 1635.674 GC heap after
{Heap after GC invocations=74 (full 0):
 garbage-first heap   total 335872K, used 72704K [0x0000000684400000, 0x0000000800000000)
  region size 4096K, 1 young (4096K), 1 survivors (4096K)
 Metaspace       used 96242K, committed 98176K, reserved 1138688K
  class space    used 10157K, committed 11200K, reserved 1048576K
}

