# JRE version: Java(TM) SE Runtime Environment (16.0.2+7) (build 16.0.2+7-67)
# Java VM: Java HotSpot(TM) 64-Bit Server VM (16.0.2+7-67, mixed mode, sharing, tiered, compressed oops, compressed class ptrs, g1 gc, windows-amd64)
GC Precious Log:
 CPUs: 12 total, 12 available
 Memory: 16105M
 Large Page Support: Disabled
 NUMA Support: Disabled
 Compressed Oops: Enabled (Zero based)
 Heap Region Size: 2M
 Heap Min Capacity: 8M
 Heap Initial Capacity: 252M
 Heap Max Capacity: 4028M
 Pre-touch: Disabled
 Parallel Workers: 10
 Concurrent Workers: 3
 Concurrent Refinement Workers: 10
 Periodic GC: Disabled
Heap:
 garbage-first heap   total 159744K, used 137675K [0x0000000704400000, 0x0000000800000000)
  region size 2048K, 41 young (83968K), 1 survivors (2048K)
 Metaspace       used 71157K, committed 72512K, reserved 1114112K
  class space    used 7581K, committed 8320K, reserved 1048576K
GC Heap History (20 events):
Event: 2109.715 GC heap after
{Heap after GC invocations=393 (full 0):
 garbage-first heap   total 159744K, used 54755K [0x0000000704400000, 0x0000000800000000)
  region size 2048K, 1 young (2048K), 1 survivors (2048K)
 Metaspace       used 71086K, committed 72448K, reserved 1114112K
  class space    used 7579K, committed 8320K, reserved 1048576K
}
Event: 2109.826 GC heap before
{Heap before GC invocations=393 (full 0):
 garbage-first heap   total 159744K, used 134627K [0x0000000704400000, 0x0000000800000000)
  region size 2048K, 41 young (83968K), 1 survivors (2048K)
 Metaspace       used 71086K, committed 72448K, reserved 1114112K
  class space    used 7579K, committed 8320K, reserved 1048576K
}
Event: 2109.827 GC heap after
{Heap after GC invocations=394 (full 0):
 garbage-first heap   total 159744K, used 55286K [0x0000000704400000, 0x0000000800000000)
  region size 2048K, 1 young (2048K), 1 survivors (2048K)
 Metaspace       used 71086K, committed 72448K, reserved 1114112K
  class space    used 7579K, committed 8320K, reserved 1048576K
}
Event: 2112.732 GC heap before
{Heap before GC invocations=394 (full 0):
 garbage-first heap   total 159744K, used 135158K [0x0000000704400000, 0x0000000800000000)
  region size 2048K, 41 young (83968K), 1 survivors (2048K)
 Metaspace       used 71106K, committed 72448K, reserved 1114112K
  class space    used 7579K, committed 8320K, reserved 1048576K
}
Event: 2112.734 GC heap after
{Heap after GC invocations=395 (full 0):
 garbage-first heap   total 159744K, used 54805K [0x0000000704400000, 0x0000000800000000)
  region size 2048K, 1 young (2048K), 1 survivors (2048K)
 Metaspace       used 71106K, committed 72448K, reserved 1114112K
  class space    used 7579K, committed 8320K, reserved 1048576K
}
Event: 2121.774 GC heap before
{Heap before GC invocations=395 (full 0):
 garbage-first heap   total 159744K, used 134677K [0x0000000704400000, 0x0000000800000000)
  region size 2048K, 41 young (83968K), 1 survivors (2048K)
 Metaspace       used 71111K, committed 72448K, reserved 1114112K
  class space    used 7581K, committed 8320K, reserved 1048576K
}
Event: 2121.776 GC heap after
{Heap after GC invocations=396 (full 0):
 garbage-first heap   total 159744K, used 54797K [0x0000000704400000, 0x0000000800000000)
  region size 2048K, 1 young (2048K), 1 survivors (2048K)
 Metaspace       used 71111K, committed 72448K, reserved 1114112K
  class space    used 7581K, committed 8320K, reserved 1048576K
}
Event: 2123.231 GC heap before
{Heap before GC invocations=396 (full 0):
 garbage-first heap   total 159744K, used 134669K [0x0000000704400000, 0x0000000800000000)
  region size 2048K, 41 young (83968K), 1 survivors (2048K)
 Metaspace       used 71112K, committed 72448K, reserved 1114112K
  class space    used 7581K, committed 8320K, reserved 1048576K
}
Event: 2123.232 GC heap after
{Heap after GC invocations=397 (full 0):
 garbage-first heap   total 159744K, used 55293K [0x0000000704400000, 0x0000000800000000)
  region size 2048K, 1 young (2048K), 1 survivors (2048K)
 Metaspace       used 71112K, committed 72448K, reserved 1114112K
  class space    used 7581K, committed 8320K, reserved 1048576K
}
Event: 2123.342 GC heap before
{Heap before GC invocations=397 (full 0):
 garbage-first heap   total 159744K, used 135165K [0x0000000704400000, 0x0000000800000000)
  region size 2048K, 41 young (83968K), 1 survivors (2048K)
 Metaspace       used 71113K, committed 72448K, reserved 1114112K
  class space    used 7581K, committed 8320K, reserved 1048576K
}
Event: 2123.344 GC heap after
{Heap after GC invocations=398 (full 0):
 garbage-first heap   total 159744K, used 55156K [0x0000000704400000, 0x0000000800000000)
  region size 2048K, 1 young (2048K), 1 survivors (2048K)
 Metaspace       used 71113K, committed 72448K, reserved 1114112K
  class space    used 7581K, committed 8320K, reserved 1048576K
}
Event: 2126.069 GC heap before
{Heap before GC invocations=398 (full 0):
 garbage-first heap   total 159744K, used 135028K [0x0000000704400000, 0x0000000800000000)
  region size 2048K, 41 young (83968K), 1 survivors (2048K)
 Metaspace       used 71113K, committed 72448K, reserved 1114112K
  class space    used 7581K, committed 8320K, reserved 1048576K
}
Event: 2126.071 GC heap after
{Heap after GC invocations=399 (full 0):
 garbage-first heap   total 159744K, used 54767K [0x0000000704400000, 0x0000000800000000)
  region size 2048K, 1 young (2048K), 1 survivors (2048K)
 Metaspace       used 71113K, committed 72448K, reserved 1114112K
  class space    used 7581K, committed 8320K, reserved 1048576K
}
Event: 2141.184 GC heap before
{Heap before GC invocations=399 (full 0):
 garbage-first heap   total 159744K, used 136687K [0x0000000704400000, 0x0000000800000000)
  region size 2048K, 41 young (83968K), 1 survivors (2048K)
 Metaspace       used 71113K, committed 72448K, reserved 1114112K
  class space    used 7581K, committed 8320K, reserved 1048576K
}
Event: 2141.186 GC heap after
{Heap after GC invocations=400 (full 0):
 garbage-first heap   total 159744K, used 54820K [0x0000000704400000, 0x0000000800000000)
  region size 2048K, 1 young (2048K), 1 survivors (2048K)
 Metaspace       used 71113K, committed 72448K, reserved 1114112K
  class space    used 7581K, committed 8320K, reserved 1048576K
}
Event: 2154.853 GC heap before
{Heap before GC invocations=400 (full 0):
 garbage-first heap   total 159744K, used 134692K [0x0000000704400000, 0x0000000800000000)
  region size 2048K, 41 young (83968K), 1 survivors (2048K)
 Metaspace       used 71117K, committed 72448K, reserved 1114112K
  class space    used 7581K, committed 8320K, reserved 1048576K
}
Event: 2154.854 GC heap after
{Heap after GC invocations=401 (full 0):
 garbage-first heap   total 159744K, used 55043K [0x0000000704400000, 0x0000000800000000)
  region size 2048K, 1 young (2048K), 1 survivors (2048K)
 Metaspace       used 71117K, committed 72448K, reserved 1114112K
  class space    used 7581K, committed 8320K, reserved 1048576K
}
Event: 2154.954 GC heap before
{Heap before GC invocations=401 (full 0):
 garbage-first heap   total 159744K, used 134915K [0x0000000704400000, 0x0000000800000000)
  region size 2048K, 41 young (83968K), 1 survivors (2048K)
 Metaspace       used 71135K, committed 72448K, reserved 1114112K
  class space    used 7581K, committed 8320K, reserved 1048576K
}
Event: 2154.955 GC heap after
{Heap after GC invocations=402 (full 0):
 garbage-first heap   total 159744K, used 55768K [0x0000000704400000, 0x0000000800000000)
  region size 2048K, 1 young (2048K), 1 survivors (2048K)
 Metaspace       used 71135K, committed 72448K, reserved 1114112K
  class space    used 7581K, committed 8320K, reserved 1048576K
}
Event: 2162.158 GC heap before
{Heap before GC invocations=402 (full 0):
 garbage-first heap   total 159744K, used 135640K [0x0000000704400000, 0x0000000800000000)
  region size 2048K, 41 young (83968K), 1 survivors (2048K)
 Metaspace       used 71157K, committed 72512K, reserved 1114112K
  class space    used 7581K, committed 8320K, reserved 1048576K
}

